Using pre-set license
Built from '2020.3/staging' branch; Version is '2020.3.9f1 (108be757e447) revision 1084391'; Using compiler version '192528614'; Build Type 'Release'
OS: 'Windows 10 Home; OS build 19042.1237; Version 2009; 64bit' Language: 'en' Physical Memory: 8111 MB
BatchMode: 1, IsHumanControllingUs: 0, StartBugReporterOnCrash: 0, Is64bit: 1, IsPro: 0

 COMMAND LINE ARGUMENTS:
D:\Unity\2020.3.9f1\Editor\Unity.exe
-adb2
-batchMode
-noUpm
-name
AssetImportWorker2
-projectPath
D:/1Work/1BRNDMORE/Hit The Peak/Hit-The-Peak/Hit The Peak 3D
-logFile
Logs/AssetImportWorker2.log
-srvPort
55774
Successfully changed project path to: D:/1Work/1BRNDMORE/Hit The Peak/Hit-The-Peak/Hit The Peak 3D
D:/1Work/1BRNDMORE/Hit The Peak/Hit-The-Peak/Hit The Peak 3D
Using Asset Import Pipeline V2.
Refreshing native plugins compatible for Editor in 113.59 ms, found 0 plugins.
Preloading 0 native plugins for Editor in 0.00 ms.
Initialize engine version: 2020.3.9f1 (108be757e447)
[Subsystems] Discovering subsystems at path D:/Unity/2020.3.9f1/Editor/Data/Resources/UnitySubsystems
[Subsystems] Discovering subsystems at path D:/1Work/1BRNDMORE/Hit The Peak/Hit-The-Peak/Hit The Peak 3D/Assets
GfxDevice: creating device client; threaded=0
Direct3D:
    Version:  Direct3D 11.0 [level 11.1]
    Renderer: NVIDIA GeForce GTX 1050 (ID=0x1c8d)
    Vendor:   
    VRAM:     4021 MB
    Driver:   27.21.14.6140
Initialize mono
Mono path[0] = 'D:/Unity/2020.3.9f1/Editor/Data/Managed'
Mono path[1] = 'D:/Unity/2020.3.9f1/Editor/Data/MonoBleedingEdge/lib/mono/unityjit'
Mono config path = 'D:/Unity/2020.3.9f1/Editor/Data/MonoBleedingEdge/etc'
Using monoOptions --debugger-agent=transport=dt_socket,embedding=1,server=y,suspend=n,address=127.0.0.1:56076
Begin MonoManager ReloadAssembly
Registering precompiled unity dll's ...
Register platform support module: D:/Unity/2020.3.9f1/Editor/Data/PlaybackEngines/WebGLSupport/UnityEditor.WebGL.Extensions.dll
Register platform support module: D:/Unity/2020.3.9f1/Editor/Data/PlaybackEngines/WindowsStandaloneSupport/UnityEditor.WindowsStandalone.Extensions.dll
Registered in 0.001563 seconds.
Native extension for WindowsStandalone target not found
Native extension for WebGL target not found
Refreshing native plugins compatible for Editor in 49.95 ms, found 0 plugins.
Preloading 0 native plugins for Editor in 0.00 ms.
Mono: successfully reloaded assembly
- Completed reload, in  2.555 seconds
Platform modules already initialized, skipping
Registering precompiled user dll's ...
Registered in 0.001350 seconds.
Begin MonoManager ReloadAssembly
Native extension for WindowsStandalone target not found
Native extension for WebGL target not found
Refreshing native plugins compatible for Editor in 0.68 ms, found 0 plugins.
Preloading 0 native plugins for Editor in 0.00 ms.
Mono: successfully reloaded assembly
- Completed reload, in  3.551 seconds
Platform modules already initialized, skipping
========================================================================
Worker process is ready to serve import requests
Launched and connected shader compiler UnityShaderCompiler.exe after 0.15 seconds
Refreshing native plugins compatible for Editor in 0.82 ms, found 0 plugins.
Preloading 0 native plugins for Editor in 0.00 ms.
Unloading 1571 Unused Serialized files (Serialized files now loaded: 0)
System memory in use before: 78.3 MB.
System memory in use after: 78.4 MB.

Unloading 10 unused Assets to reduce memory usage. Loaded Objects now: 2018.
Total: 3.609300 ms (FindLiveObjects: 0.291600 ms CreateObjectMapping: 0.080700 ms MarkObjects: 3.013500 ms  DeleteObjects: 0.220900 ms)

========================================================================
Received Import Request.
  path: Assets/Scripts/UI/MainMenu.cs
  artifactKey: Guid(fced876adf58bf4499496a1ba223044c) Importer(815301076,1909f56bfc062723c751e8b465ee728b)
Start importing Assets/Scripts/UI/MainMenu.cs using Guid(fced876adf58bf4499496a1ba223044c) Importer(815301076,1909f56bfc062723c751e8b465ee728b)  -> (artifact id: 'ee2224a245a49f554eef7ffd4bce508f') in 0.098532 seconds
  Import took 0.218275 seconds .

========================================================================
Received Import Request.
  Time since last request: 27.024523 seconds.
  path: Assets/Scenes/Inferno_CS_Spawn.unity
  artifactKey: Guid(6dd810f4ce697644180229e28247df72) Importer(815301076,1909f56bfc062723c751e8b465ee728b)
Start importing Assets/Scenes/Inferno_CS_Spawn.unity using Guid(6dd810f4ce697644180229e28247df72) Importer(815301076,1909f56bfc062723c751e8b465ee728b)  -> (artifact id: '794b7d7c5538454e81b6ab4653d58e45') in 0.036839 seconds
  Import took 0.104226 seconds .

========================================================================
Received Prepare
Registering precompiled user dll's ...
Registered in 0.005602 seconds.
Begin MonoManager ReloadAssembly
Native extension for WindowsStandalone target not found
Native extension for WebGL target not found
Refreshing native plugins compatible for Editor in 0.36 ms, found 0 plugins.
Preloading 0 native plugins for Editor in 0.00 ms.
Mono: successfully reloaded assembly
- Completed reload, in  1.626 seconds
Platform modules already initialized, skipping
Switching build target platform(19) subTarget(0) extendedPlatform(0) -> platform(9) subTarget(16777218) extendedPlatform(0)
Refreshing native plugins compatible for Editor in 1.46 ms, found 0 plugins.
Preloading 0 native plugins for Editor in 0.00 ms.
Unloading 1531 Unused Serialized files (Serialized files now loaded: 0)
System memory in use before: 73.8 MB.
System memory in use after: 73.9 MB.

Unloading 5 unused Assets to reduce memory usage. Loaded Objects now: 2021.
Total: 8.816600 ms (FindLiveObjects: 0.322000 ms CreateObjectMapping: 0.112600 ms MarkObjects: 8.246500 ms  DeleteObjects: 0.133200 ms)

AssetImportParameters requested are different than current active one (requested -> active):
  custom:graphics/normal-map-encoding: 01000000000000000000000000000000 -> 02000000000000000000000000000000
========================================================================
Received Prepare
Registering precompiled user dll's ...
Registered in 0.000874 seconds.
Begin MonoManager ReloadAssembly
Native extension for WindowsStandalone target not found
Native extension for WebGL target not found
Refreshing native plugins compatible for Editor in 0.84 ms, found 0 plugins.
Preloading 0 native plugins for Editor in 0.00 ms.
Mono: successfully reloaded assembly
- Completed reload, in  1.156 seconds
Platform modules already initialized, skipping
Switching build target platform(19) subTarget(0) extendedPlatform(0) -> platform(13) subTarget(537395200) extendedPlatform(0)
Refreshing native plugins compatible for Editor in 0.30 ms, found 0 plugins.
Preloading 0 native plugins for Editor in 0.00 ms.
Unloading 1531 Unused Serialized files (Serialized files now loaded: 0)
System memory in use before: 73.8 MB.
System memory in use after: 73.9 MB.

Unloading 5 unused Assets to reduce memory usage. Loaded Objects now: 2024.
Total: 2.880600 ms (FindLiveObjects: 0.251000 ms CreateObjectMapping: 0.087400 ms MarkObjects: 2.469600 ms  DeleteObjects: 0.071100 ms)

AssetImportParameters requested are different than current active one (requested -> active):
  custom:graphics/normal-map-encoding: 01000000000000000000000000000000 -> 02000000000000000000000000000000
========================================================================
Received Prepare
Refreshing native plugins compatible for Editor in 1.48 ms, found 0 plugins.
Preloading 0 native plugins for Editor in 0.00 ms.
Unloading 3 Unused Serialized files (Serialized files now loaded: 0)
System memory in use before: 43.9 MB.
System memory in use after: 44.0 MB.

Unloading 3 unused Assets to reduce memory usage. Loaded Objects now: 2024.
Total: 3.426200 ms (FindLiveObjects: 0.388400 ms CreateObjectMapping: 0.086600 ms MarkObjects: 2.701100 ms  DeleteObjects: 0.248900 ms)

========================================================================
Received Prepare
Refreshing native plugins compatible for Editor in 1.14 ms, found 0 plugins.
Preloading 0 native plugins for Editor in 0.00 ms.
Unloading 3 Unused Serialized files (Serialized files now loaded: 0)
System memory in use before: 43.9 MB.
System memory in use after: 44.0 MB.

Unloading 3 unused Assets to reduce memory usage. Loaded Objects now: 2024.
Total: 2.505300 ms (FindLiveObjects: 0.164700 ms CreateObjectMapping: 0.056500 ms MarkObjects: 2.214600 ms  DeleteObjects: 0.068400 ms)

========================================================================
Received Import Request.
  Time since last request: 3021.755766 seconds.
  path: Assets/Scenes/Main_Menu.unity
  artifactKey: Guid(d059acc4b228c3d4e8ca7d439270cca2) Importer(815301076,1909f56bfc062723c751e8b465ee728b)
Start importing Assets/Scenes/Main_Menu.unity using Guid(d059acc4b228c3d4e8ca7d439270cca2) Importer(815301076,1909f56bfc062723c751e8b465ee728b)  -> (artifact id: '60c727e4b4304f6d0993aed24efd0c06') in 0.075933 seconds
  Import took 0.112032 seconds .

========================================================================
Received Import Request.
  Time since last request: 99.660621 seconds.
  path: Assets/Sounds/AK-reload-SFX.mp3
  artifactKey: Guid(76feb36a370711f47a0ece4f9d8b277d) Importer(815301076,1909f56bfc062723c751e8b465ee728b)
Start importing Assets/Sounds/AK-reload-SFX.mp3 using Guid(76feb36a370711f47a0ece4f9d8b277d) Importer(815301076,1909f56bfc062723c751e8b465ee728b)  -> (artifact id: '4a8d8fc512ba7c1e75886e87818367fc') in 0.398731 seconds
  Import took 0.410380 seconds .

========================================================================
Received Import Request.
  Time since last request: 0.000222 seconds.
  path: Assets/Sounds/M4-shot-sfx.ogg
  artifactKey: Guid(0d0774ff52678a94ea8544e4cae81c42) Importer(815301076,1909f56bfc062723c751e8b465ee728b)
Start importing Assets/Sounds/M4-shot-sfx.ogg using Guid(0d0774ff52678a94ea8544e4cae81c42) Importer(815301076,1909f56bfc062723c751e8b465ee728b)  -> (artifact id: 'ab18619c66979f5b842af782d15d037e') in 0.032525 seconds
  Import took 0.066948 seconds .

========================================================================
Received Import Request.
  Time since last request: 0.000304 seconds.
  path: Assets/Sounds/M4-reload-sfx.ogg
  artifactKey: Guid(34c3949bc83c7ff489782a764291ab5c) Importer(815301076,1909f56bfc062723c751e8b465ee728b)
Start importing Assets/Sounds/M4-reload-sfx.ogg using Guid(34c3949bc83c7ff489782a764291ab5c) Importer(815301076,1909f56bfc062723c751e8b465ee728b)  -> (artifact id: '018fd25596c4f667c9ce7ba80cfcd27a') in 0.019655 seconds
  Import took 0.063729 seconds .

========================================================================
Received Import Request.
  Time since last request: 0.000338 seconds.
  path: Assets/Sounds/AWP-reload-SFX.wav
  artifactKey: Guid(fcfcfd1f6be792945a482e210304deda) Importer(815301076,1909f56bfc062723c751e8b465ee728b)
Start importing Assets/Sounds/AWP-reload-SFX.wav using Guid(fcfcfd1f6be792945a482e210304deda) Importer(815301076,1909f56bfc062723c751e8b465ee728b)  -> (artifact id: '3621cb877f9de4c26aece89ac5085413') in 0.030199 seconds
  Import took 0.037665 seconds .

========================================================================
Received Import Request.
  Time since last request: 0.000404 seconds.
  path: Assets/Sounds/USP-reload-SFX.wav
  artifactKey: Guid(c074ad79df7f9d04d9f76bcb7ce449a3) Importer(815301076,1909f56bfc062723c751e8b465ee728b)
Start importing Assets/Sounds/USP-reload-SFX.wav using Guid(c074ad79df7f9d04d9f76bcb7ce449a3) Importer(815301076,1909f56bfc062723c751e8b465ee728b)  -> (artifact id: '0cbb5a3a72dea757e48f971f6589c9b8') in 0.031320 seconds
  Import took 0.096107 seconds .

========================================================================
Received Import Request.
  Time since last request: 0.000303 seconds.
  path: Assets/Sounds/AWP-shot-SFX.wav
  artifactKey: Guid(0ddfa7642e28b9d47b60b0a0c098cd03) Importer(815301076,1909f56bfc062723c751e8b465ee728b)
Start importing Assets/Sounds/AWP-shot-SFX.wav using Guid(0ddfa7642e28b9d47b60b0a0c098cd03) Importer(815301076,1909f56bfc062723c751e8b465ee728b)  -> (artifact id: '60f63ae27e4784f1e083eada3b1f5882') in 0.021278 seconds
  Import took 0.024659 seconds .

========================================================================
Received Import Request.
  Time since last request: 0.000308 seconds.
  path: Assets/Sounds/USP-shot-sfx.ogg
  artifactKey: Guid(c7877e53e0d09a24a8953e6cc2f85425) Importer(815301076,1909f56bfc062723c751e8b465ee728b)
Start importing Assets/Sounds/USP-shot-sfx.ogg using Guid(c7877e53e0d09a24a8953e6cc2f85425) Importer(815301076,1909f56bfc062723c751e8b465ee728b)  -> (artifact id: 'c1425af7320cb4fe7b8fd55f5b5456fb') in 0.042365 seconds
  Import took 0.056615 seconds .

========================================================================
Received Import Request.
  Time since last request: 0.000590 seconds.
  path: Assets/Sounds/AK-shot-SFX.wav
  artifactKey: Guid(737f16451788fe04ea4921be8c2a9296) Importer(815301076,1909f56bfc062723c751e8b465ee728b)
Start importing Assets/Sounds/AK-shot-SFX.wav using Guid(737f16451788fe04ea4921be8c2a9296) Importer(815301076,1909f56bfc062723c751e8b465ee728b)  -> (artifact id: 'bfb884cbe9bbc74ca271c91563aa7856') in 0.020231 seconds
  Import took 0.059421 seconds .

========================================================================
Received Import Request.
  Time since last request: 0.872554 seconds.
  path: Assets/Scenes/Main_Menu.unity
  artifactKey: Guid(d059acc4b228c3d4e8ca7d439270cca2) Importer(815301076,1909f56bfc062723c751e8b465ee728b)
Start importing Assets/Scenes/Main_Menu.unity using Guid(d059acc4b228c3d4e8ca7d439270cca2) Importer(815301076,1909f56bfc062723c751e8b465ee728b)  -> (artifact id: '3478abd9e52566b4268fc3f6bd66c514') in 0.004000 seconds
  Import took 0.019525 seconds .

========================================================================
Received Import Request.
  Time since last request: 0.000888 seconds.
  path: Assets/Scenes/Main_Menu.unity
  artifactKey: Guid(d059acc4b228c3d4e8ca7d439270cca2) Importer(815301076,1909f56bfc062723c751e8b465ee728b)
Start importing Assets/Scenes/Main_Menu.unity using Guid(d059acc4b228c3d4e8ca7d439270cca2) Importer(815301076,1909f56bfc062723c751e8b465ee728b)  -> (artifact id: '3478abd9e52566b4268fc3f6bd66c514') in 0.002623 seconds
  Import took 0.006259 seconds .

========================================================================
Received Prepare
Refreshing native plugins compatible for Editor in 0.84 ms, found 0 plugins.
Preloading 0 native plugins for Editor in 0.00 ms.
Unloading 3 Unused Serialized files (Serialized files now loaded: 0)
System memory in use before: 47.2 MB.
System memory in use after: 47.3 MB.

Unloading 3 unused Assets to reduce memory usage. Loaded Objects now: 2033.
Total: 34.537000 ms (FindLiveObjects: 0.171200 ms CreateObjectMapping: 0.052300 ms MarkObjects: 34.197800 ms  DeleteObjects: 0.114200 ms)

========================================================================
Received Import Request.
  Time since last request: 1939.028219 seconds.
  path: Assets/Scenes/Inferno_CS_Spawn.unity
  artifactKey: Guid(6dd810f4ce697644180229e28247df72) Importer(815301076,1909f56bfc062723c751e8b465ee728b)
Start importing Assets/Scenes/Inferno_CS_Spawn.unity using Guid(6dd810f4ce697644180229e28247df72) Importer(815301076,1909f56bfc062723c751e8b465ee728b)  -> (artifact id: 'feff347a2982194c6a4c199f7936a236') in 1.618232 seconds
  Import took 2.031525 seconds .

AssetImportWorkerClient::OnTransportError - code=2 error=End of file
