Using pre-set license
Built from '2020.3/staging' branch; Version is '2020.3.9f1 (108be757e447) revision 1084391'; Using compiler version '192528614'; Build Type 'Release'
OS: 'Windows 10 Home; OS build 19042.1237; Version 2009; 64bit' Language: 'en' Physical Memory: 8111 MB
BatchMode: 1, IsHumanControllingUs: 0, StartBugReporterOnCrash: 0, Is64bit: 1, IsPro: 0

 COMMAND LINE ARGUMENTS:
D:\Unity\2020.3.9f1\Editor\Unity.exe
-adb2
-batchMode
-noUpm
-name
AssetImportWorker0
-projectPath
D:/1Work/1BRNDMORE/Hit The Peak/Hit-The-Peak/Hit The Peak 3D
-logFile
Logs/AssetImportWorker0.log
-srvPort
51428
Successfully changed project path to: D:/1Work/1BRNDMORE/Hit The Peak/Hit-The-Peak/Hit The Peak 3D
D:/1Work/1BRNDMORE/Hit The Peak/Hit-The-Peak/Hit The Peak 3D
Using Asset Import Pipeline V2.
Refreshing native plugins compatible for Editor in 38.57 ms, found 0 plugins.
Preloading 0 native plugins for Editor in 0.00 ms.
Initialize engine version: 2020.3.9f1 (108be757e447)
[Subsystems] Discovering subsystems at path D:/Unity/2020.3.9f1/Editor/Data/Resources/UnitySubsystems
[Subsystems] Discovering subsystems at path D:/1Work/1BRNDMORE/Hit The Peak/Hit-The-Peak/Hit The Peak 3D/Assets
GfxDevice: creating device client; threaded=0
Direct3D:
    Version:  Direct3D 11.0 [level 11.1]
    Renderer: NVIDIA GeForce GTX 1050 (ID=0x1c8d)
    Vendor:   
    VRAM:     4021 MB
    Driver:   27.21.14.6140
Initialize mono
Mono path[0] = 'D:/Unity/2020.3.9f1/Editor/Data/Managed'
Mono path[1] = 'D:/Unity/2020.3.9f1/Editor/Data/MonoBleedingEdge/lib/mono/unityjit'
Mono config path = 'D:/Unity/2020.3.9f1/Editor/Data/MonoBleedingEdge/etc'
Using monoOptions --debugger-agent=transport=dt_socket,embedding=1,server=y,suspend=n,address=127.0.0.1:56824
Begin MonoManager ReloadAssembly
Registering precompiled unity dll's ...
Register platform support module: D:/Unity/2020.3.9f1/Editor/Data/PlaybackEngines/WebGLSupport/UnityEditor.WebGL.Extensions.dll
Register platform support module: D:/Unity/2020.3.9f1/Editor/Data/PlaybackEngines/WindowsStandaloneSupport/UnityEditor.WindowsStandalone.Extensions.dll
Registered in 0.003257 seconds.
Native extension for WindowsStandalone target not found
Native extension for WebGL target not found
Refreshing native plugins compatible for Editor in 41.37 ms, found 0 plugins.
Preloading 0 native plugins for Editor in 0.00 ms.
Mono: successfully reloaded assembly
- Completed reload, in  2.534 seconds
Platform modules already initialized, skipping
Registering precompiled user dll's ...
Registered in 0.000819 seconds.
Begin MonoManager ReloadAssembly
Native extension for WindowsStandalone target not found
Native extension for WebGL target not found
Refreshing native plugins compatible for Editor in 0.40 ms, found 0 plugins.
Preloading 0 native plugins for Editor in 0.00 ms.
Mono: successfully reloaded assembly
- Completed reload, in  1.279 seconds
Platform modules already initialized, skipping
========================================================================
Worker process is ready to serve import requests
Launched and connected shader compiler UnityShaderCompiler.exe after 0.08 seconds
Refreshing native plugins compatible for Editor in 0.35 ms, found 0 plugins.
Preloading 0 native plugins for Editor in 0.00 ms.
Unloading 1511 Unused Serialized files (Serialized files now loaded: 0)
System memory in use before: 72.8 MB.
System memory in use after: 72.8 MB.

Unloading 10 unused Assets to reduce memory usage. Loaded Objects now: 1957.
Total: 2.089400 ms (FindLiveObjects: 0.183100 ms CreateObjectMapping: 0.064400 ms MarkObjects: 1.711200 ms  DeleteObjects: 0.129400 ms)

========================================================================
Received Import Request.
  path: Assets/Prefabs/Player POV.prefab
  artifactKey: Guid(56adcbbe7bb302a45b9fc0217813e1a3) Importer(815301076,1909f56bfc062723c751e8b465ee728b)
Start importing Assets/Prefabs/Player POV.prefab using Guid(56adcbbe7bb302a45b9fc0217813e1a3) Importer(815301076,1909f56bfc062723c751e8b465ee728b)  -> (artifact id: '261d8fd4547c23cfdf3bb4165df83b82') in 0.097535 seconds
  Import took 0.135979 seconds .

========================================================================
Received Import Request.
  Time since last request: 0.199503 seconds.
  path: Assets/Prefabs/UI.prefab
  artifactKey: Guid(757676a5d1c669d4da31747f73d46a2f) Importer(815301076,1909f56bfc062723c751e8b465ee728b)
Start importing Assets/Prefabs/UI.prefab using Guid(757676a5d1c669d4da31747f73d46a2f) Importer(815301076,1909f56bfc062723c751e8b465ee728b)  -> (artifact id: '017d9e6087b7b502e639fffd75c59313') in 0.037369 seconds
  Import took 0.095267 seconds .

========================================================================
Received Import Request.
  Time since last request: 0.067095 seconds.
  path: Assets/Prefabs/UI.prefab
  artifactKey: Guid(757676a5d1c669d4da31747f73d46a2f) Importer(815301076,1909f56bfc062723c751e8b465ee728b)
Start importing Assets/Prefabs/UI.prefab using Guid(757676a5d1c669d4da31747f73d46a2f) Importer(815301076,1909f56bfc062723c751e8b465ee728b)  -> (artifact id: '017d9e6087b7b502e639fffd75c59313') in 0.008095 seconds
  Import took 0.012179 seconds .

========================================================================
Received Import Request.
  Time since last request: 26.159907 seconds.
  path: Assets/Prefabs/Enemy Waypoints.prefab
  artifactKey: Guid(a2e448473342e7d44a73b340e204df0b) Importer(815301076,1909f56bfc062723c751e8b465ee728b)
Start importing Assets/Prefabs/Enemy Waypoints.prefab using Guid(a2e448473342e7d44a73b340e204df0b) Importer(815301076,1909f56bfc062723c751e8b465ee728b)  -> (artifact id: '291c49e090a91c091e3b7ac9185b44c1') in 0.114509 seconds
  Import took 0.119046 seconds .

========================================================================
Received Import Request.
  Time since last request: 3.767035 seconds.
  path: Assets/Prefabs/Enemies.prefab
  artifactKey: Guid(f8e4340aa082c27448df592492861167) Importer(815301076,1909f56bfc062723c751e8b465ee728b)
Start importing Assets/Prefabs/Enemies.prefab using Guid(f8e4340aa082c27448df592492861167) Importer(815301076,1909f56bfc062723c751e8b465ee728b)  -> (artifact id: '69dcc4cd3131bbfb035d0b84609d2b2c') in 0.012072 seconds
  Import took 0.032012 seconds .

========================================================================
Received Import Request.
  Time since last request: 0.013092 seconds.
  path: Assets/Prefabs/Enemies.prefab
  artifactKey: Guid(f8e4340aa082c27448df592492861167) Importer(815301076,1909f56bfc062723c751e8b465ee728b)
Start importing Assets/Prefabs/Enemies.prefab using Guid(f8e4340aa082c27448df592492861167) Importer(815301076,1909f56bfc062723c751e8b465ee728b)  -> (artifact id: '69dcc4cd3131bbfb035d0b84609d2b2c') in 0.005293 seconds
  Import took 0.011009 seconds .

========================================================================
Received Import Request.
  Time since last request: 2.325127 seconds.
  path: Assets/Prefabs/Audio Source.prefab
  artifactKey: Guid(98f9f91c4d7b32a4dbf265913709a1ce) Importer(815301076,1909f56bfc062723c751e8b465ee728b)
Start importing Assets/Prefabs/Audio Source.prefab using Guid(98f9f91c4d7b32a4dbf265913709a1ce) Importer(815301076,1909f56bfc062723c751e8b465ee728b)  -> (artifact id: '4b9d219c7b0cf1bcd9d24bfc0ebce48f') in 0.013401 seconds
  Import took 0.035357 seconds .

========================================================================
Received Import Request.
  Time since last request: 0.011115 seconds.
  path: Assets/Prefabs/Audio Source.prefab
  artifactKey: Guid(98f9f91c4d7b32a4dbf265913709a1ce) Importer(815301076,1909f56bfc062723c751e8b465ee728b)
Start importing Assets/Prefabs/Audio Source.prefab using Guid(98f9f91c4d7b32a4dbf265913709a1ce) Importer(815301076,1909f56bfc062723c751e8b465ee728b)  -> (artifact id: '4b9d219c7b0cf1bcd9d24bfc0ebce48f') in 0.004438 seconds
  Import took 0.008844 seconds .

========================================================================
Received Import Request.
  Time since last request: 3593.689427 seconds.
  path: Assets/Scenes/SampleScene.unity
  artifactKey: Guid(9fc0d4010bbf28b4594072e72b8655ab) Importer(815301076,1909f56bfc062723c751e8b465ee728b)
Start importing Assets/Scenes/SampleScene.unity using Guid(9fc0d4010bbf28b4594072e72b8655ab) Importer(815301076,1909f56bfc062723c751e8b465ee728b)  -> (artifact id: '4fc96ed07ab0818343e8bdff27bd55bf') in 0.046899 seconds
  Import took 0.114710 seconds .

========================================================================
Received Import Request.
  Time since last request: 868.326376 seconds.
  path: Assets/Scenes/Mirage_Mid.unity
  artifactKey: Guid(9fc0d4010bbf28b4594072e72b8655ab) Importer(815301076,1909f56bfc062723c751e8b465ee728b)
Start importing Assets/Scenes/Mirage_Mid.unity using Guid(9fc0d4010bbf28b4594072e72b8655ab) Importer(815301076,1909f56bfc062723c751e8b465ee728b)  -> (artifact id: '3d7b80a529b754ab03576063796db85e') in 1.139318 seconds
  Import took 1.501629 seconds .

========================================================================
Received Import Request.
  Time since last request: 7628.715425 seconds.
  path: Assets/Scenes/Inferno_CS_Spawn.unity
  artifactKey: Guid(6dd810f4ce697644180229e28247df72) Importer(815301076,1909f56bfc062723c751e8b465ee728b)
Start importing Assets/Scenes/Inferno_CS_Spawn.unity using Guid(6dd810f4ce697644180229e28247df72) Importer(815301076,1909f56bfc062723c751e8b465ee728b)  -> (artifact id: 'c07339f0727eef36af82dc4dba085785') in 0.214633 seconds
  Import took 0.542626 seconds .

========================================================================
Received Import Request.
  Time since last request: 2356.457683 seconds.
  path: Assets/Materials/Enemy.mat
  artifactKey: Guid(d414f9506d8c7264794196ac9c0008c9) Importer(815301076,1909f56bfc062723c751e8b465ee728b)
Start importing Assets/Materials/Enemy.mat using Guid(d414f9506d8c7264794196ac9c0008c9) Importer(815301076,1909f56bfc062723c751e8b465ee728b)  -> (artifact id: '205366487aca08d654595e77306c15f4') in 4.778406 seconds
  Import took 4.834191 seconds .

========================================================================
Received Import Request.
  Time since last request: 1.267288 seconds.
  path: Assets/Materials/Enemy.mat
  artifactKey: Guid(d414f9506d8c7264794196ac9c0008c9) Importer(815301076,1909f56bfc062723c751e8b465ee728b)
Start importing Assets/Materials/Enemy.mat using Guid(d414f9506d8c7264794196ac9c0008c9) Importer(815301076,1909f56bfc062723c751e8b465ee728b)  -> (artifact id: '205366487aca08d654595e77306c15f4') in 0.025451 seconds
  Import took 0.030049 seconds .

========================================================================
Received Import Request.
  Time since last request: 2.507388 seconds.
  path: Assets/Materials/Different.mat
  artifactKey: Guid(dd91948c131f4f94e9be4ae8abe46190) Importer(815301076,1909f56bfc062723c751e8b465ee728b)
Start importing Assets/Materials/Different.mat using Guid(dd91948c131f4f94e9be4ae8abe46190) Importer(815301076,1909f56bfc062723c751e8b465ee728b)  -> (artifact id: 'a44a827161f38b206da2b2b7d60fbeed') in 0.081063 seconds
  Import took 0.131471 seconds .

========================================================================
Received Import Request.
  Time since last request: 65.123180 seconds.
  path: Packages/com.unity.probuilder/Content/Resources/Materials/Collider.mat
  artifactKey: Guid(bbb235fff4f48426b863b36058ab66d2) Importer(815301076,1909f56bfc062723c751e8b465ee728b)
Start importing Packages/com.unity.probuilder/Content/Resources/Materials/Collider.mat using Guid(bbb235fff4f48426b863b36058ab66d2) Importer(815301076,1909f56bfc062723c751e8b465ee728b)  -> (artifact id: '44a42be3d3ff4523c0a6370be823cc43') in 1.243116 seconds
  Import took 1.350577 seconds .

========================================================================
Received Import Request.
  Time since last request: 0.000377 seconds.
  path: Packages/com.unity.probuilder/Content/Resources/Materials/VertexPickerHDRP.mat
  artifactKey: Guid(7d5c9fc287a2aa945a98203d41282923) Importer(815301076,1909f56bfc062723c751e8b465ee728b)
Start importing Packages/com.unity.probuilder/Content/Resources/Materials/VertexPickerHDRP.mat using Guid(7d5c9fc287a2aa945a98203d41282923) Importer(815301076,1909f56bfc062723c751e8b465ee728b)  -> (artifact id: 'cb42c4803d323621ff198c7114ce5bc8') in 0.218471 seconds
  Import took 0.245220 seconds .

========================================================================
Received Import Request.
  Time since last request: 0.000321 seconds.
  path: Packages/com.unity.probuilder/Content/Resources/Materials/Trigger.mat
  artifactKey: Guid(a1e97cbf2538241b691aae8243b5fb10) Importer(815301076,1909f56bfc062723c751e8b465ee728b)
Start importing Packages/com.unity.probuilder/Content/Resources/Materials/Trigger.mat using Guid(a1e97cbf2538241b691aae8243b5fb10) Importer(815301076,1909f56bfc062723c751e8b465ee728b)  -> (artifact id: 'a864cbe837a8ae0be4bbed7b0fb49c8c') in 0.141394 seconds
  Import took 0.181209 seconds .

========================================================================
Received Import Request.
  Time since last request: 0.000307 seconds.
  path: Packages/com.unity.probuilder/Content/Resources/Materials/VertexPicker.mat
  artifactKey: Guid(30a8575e1d4cc4e01a88ffbf4f973d80) Importer(815301076,1909f56bfc062723c751e8b465ee728b)
Start importing Packages/com.unity.probuilder/Content/Resources/Materials/VertexPicker.mat using Guid(30a8575e1d4cc4e01a88ffbf4f973d80) Importer(815301076,1909f56bfc062723c751e8b465ee728b)  -> (artifact id: '74419ede2ecdcd5f9eacb169ebf104f5') in 0.184488 seconds
  Import took 0.188681 seconds .

========================================================================
Received Import Request.
  Time since last request: 0.000380 seconds.
  path: Packages/com.unity.probuilder/Content/Resources/Materials/ProBuilderDefault.mat
  artifactKey: Guid(c22777d6e868e4f2fb421913386b154e) Importer(815301076,1909f56bfc062723c751e8b465ee728b)
Start importing Packages/com.unity.probuilder/Content/Resources/Materials/ProBuilderDefault.mat using Guid(c22777d6e868e4f2fb421913386b154e) Importer(815301076,1909f56bfc062723c751e8b465ee728b)  -> (artifact id: '68dd98fd11319920ff295739c34f63f1') in 0.163252 seconds
  Import took 0.167197 seconds .

========================================================================
Received Import Request.
  Time since last request: 0.000378 seconds.
  path: Packages/com.unity.probuilder/Content/Resources/Materials/EdgePickerHDRP.mat
  artifactKey: Guid(980c24c5a501a9a429356d191ad356a9) Importer(815301076,1909f56bfc062723c751e8b465ee728b)
Start importing Packages/com.unity.probuilder/Content/Resources/Materials/EdgePickerHDRP.mat using Guid(980c24c5a501a9a429356d191ad356a9) Importer(815301076,1909f56bfc062723c751e8b465ee728b)  -> (artifact id: '0c175e8bfe75860b542cac7b9bba7728') in 0.128637 seconds
  Import took 0.169398 seconds .

========================================================================
Received Import Request.
  Time since last request: 0.000347 seconds.
  path: Packages/com.unity.probuilder/Content/Resources/Materials/EdgePicker.mat
  artifactKey: Guid(4ff996e3a0a5743a3987ab6231160665) Importer(815301076,1909f56bfc062723c751e8b465ee728b)
Start importing Packages/com.unity.probuilder/Content/Resources/Materials/EdgePicker.mat using Guid(4ff996e3a0a5743a3987ab6231160665) Importer(815301076,1909f56bfc062723c751e8b465ee728b)  -> (artifact id: 'dd28d434726e9e97d045a08030b0203f') in 0.104865 seconds
  Import took 0.130949 seconds .

========================================================================
Received Import Request.
  Time since last request: 0.000266 seconds.
  path: Packages/com.unity.probuilder/Content/Resources/Materials/NoDraw.mat
  artifactKey: Guid(8cb4d6fee77fd4ee6895f08b240d625f) Importer(815301076,1909f56bfc062723c751e8b465ee728b)
Start importing Packages/com.unity.probuilder/Content/Resources/Materials/NoDraw.mat using Guid(8cb4d6fee77fd4ee6895f08b240d625f) Importer(815301076,1909f56bfc062723c751e8b465ee728b)  -> (artifact id: '535e3ab3f50e3318f2107a16560a9599') in 0.260863 seconds
  Import took 0.302262 seconds .

========================================================================
Received Import Request.
  Time since last request: 0.000399 seconds.
  path: Packages/com.unity.probuilder/Content/Resources/Materials/EdgePicker.mat
  artifactKey: Guid(4ff996e3a0a5743a3987ab6231160665) Importer(815301076,1909f56bfc062723c751e8b465ee728b)
Start importing Packages/com.unity.probuilder/Content/Resources/Materials/EdgePicker.mat using Guid(4ff996e3a0a5743a3987ab6231160665) Importer(815301076,1909f56bfc062723c751e8b465ee728b)  -> (artifact id: 'dd28d434726e9e97d045a08030b0203f') in 0.009719 seconds
  Import took 0.013662 seconds .

========================================================================
Received Import Request.
  Time since last request: 0.000305 seconds.
  path: Packages/com.unity.probuilder/Content/Resources/Materials/StandardVertexColorLWRP.mat
  artifactKey: Guid(077a003b1de1e4c35923be7a21b5d948) Importer(815301076,1909f56bfc062723c751e8b465ee728b)
Start importing Packages/com.unity.probuilder/Content/Resources/Materials/StandardVertexColorLWRP.mat using Guid(077a003b1de1e4c35923be7a21b5d948) Importer(815301076,1909f56bfc062723c751e8b465ee728b)  -> (artifact id: '7dd53f1a95c970b3c37f59e4c6214781') in 0.088165 seconds
  Import took 0.095788 seconds .

========================================================================
Received Import Request.
  Time since last request: 0.000957 seconds.
  path: Packages/com.unity.probuilder/Content/Resources/Materials/InvisibleFace.mat
  artifactKey: Guid(978bbcf5050244f1b95128c04103f628) Importer(815301076,1909f56bfc062723c751e8b465ee728b)
Start importing Packages/com.unity.probuilder/Content/Resources/Materials/InvisibleFace.mat using Guid(978bbcf5050244f1b95128c04103f628) Importer(815301076,1909f56bfc062723c751e8b465ee728b)  -> (artifact id: '6d1d76733010469944841b9ed426a584') in 0.125127 seconds
  Import took 0.144879 seconds .

========================================================================
Received Import Request.
  Time since last request: 0.000374 seconds.
  path: Packages/com.unity.probuilder/Content/Resources/Materials/FacePickerHDRP.mat
  artifactKey: Guid(a53ef0dd76f2fe74eb5f43267d7c0195) Importer(815301076,1909f56bfc062723c751e8b465ee728b)
Start importing Packages/com.unity.probuilder/Content/Resources/Materials/FacePickerHDRP.mat using Guid(a53ef0dd76f2fe74eb5f43267d7c0195) Importer(815301076,1909f56bfc062723c751e8b465ee728b)  -> (artifact id: '2b3a98f947b9445050f05ee155da7b12') in 0.052337 seconds
  Import took 0.071190 seconds .

========================================================================
Received Import Request.
  Time since last request: 0.000312 seconds.
  path: Packages/com.unity.probuilder/Content/Resources/Materials/UnlitVertexColor.mat
  artifactKey: Guid(29966c3c0907b49b58c4e59342d020cf) Importer(815301076,1909f56bfc062723c751e8b465ee728b)
Start importing Packages/com.unity.probuilder/Content/Resources/Materials/UnlitVertexColor.mat using Guid(29966c3c0907b49b58c4e59342d020cf) Importer(815301076,1909f56bfc062723c751e8b465ee728b)  -> (artifact id: 'bb5debeb4a73f8b98f8fe5c2ffbdf46e') in 0.123293 seconds
  Import took 0.159792 seconds .

========================================================================
Received Import Request.
  Time since last request: 0.000219 seconds.
  path: Packages/com.unity.probuilder/Content/Resources/Materials/FacePickerHDRP.mat
  artifactKey: Guid(a53ef0dd76f2fe74eb5f43267d7c0195) Importer(815301076,1909f56bfc062723c751e8b465ee728b)
Start importing Packages/com.unity.probuilder/Content/Resources/Materials/FacePickerHDRP.mat using Guid(a53ef0dd76f2fe74eb5f43267d7c0195) Importer(815301076,1909f56bfc062723c751e8b465ee728b)  -> (artifact id: '2b3a98f947b9445050f05ee155da7b12') in 0.009114 seconds
  Import took 0.012622 seconds .

========================================================================
Received Import Request.
  Time since last request: 0.000328 seconds.
  path: Packages/com.unity.probuilder/Content/Resources/Materials/StandardVertexColorHDRP.mat
  artifactKey: Guid(c35693c079f3840f7938a4a323096e84) Importer(815301076,1909f56bfc062723c751e8b465ee728b)
Start importing Packages/com.unity.probuilder/Content/Resources/Materials/StandardVertexColorHDRP.mat using Guid(c35693c079f3840f7938a4a323096e84) Importer(815301076,1909f56bfc062723c751e8b465ee728b)  -> (artifact id: '4898ecb15b18d657cff0ef6fc0ccc918') in 0.051757 seconds
  Import took 0.135668 seconds .

========================================================================
Received Import Request.
  Time since last request: 0.005676 seconds.
  path: Packages/com.unity.probuilder/Content/Resources/Materials/StandardVertexColorHDRP.mat
  artifactKey: Guid(c35693c079f3840f7938a4a323096e84) Importer(815301076,1909f56bfc062723c751e8b465ee728b)
Start importing Packages/com.unity.probuilder/Content/Resources/Materials/StandardVertexColorHDRP.mat using Guid(c35693c079f3840f7938a4a323096e84) Importer(815301076,1909f56bfc062723c751e8b465ee728b)  -> (artifact id: '4898ecb15b18d657cff0ef6fc0ccc918') in 0.010954 seconds
  Import took 0.014150 seconds .

